<?xml version="1.0" encoding="UTF-8"?>
<!-- Generated by org.testng.reporters.JUnitReportReporter -->
<testsuite skipped="0" hostname="DESKTOP-O2O867P" name="testNG.TestNGAnnotations3" tests="3" failures="0" timestamp="2020-10-18T18:10:43 IST" time="0.039" errors="0">
  <testcase name="test1" time="0.020" classname="testNG.TestNGAnnotations3"/>
  <system-out/>
  <testcase name="test2" time="0.008" classname="testNG.TestNGAnnotations3"/>
  <system-out/>
  <testcase name="test3" time="0.011" classname="testNG.TestNGAnnotations3"/>
  <system-out/>
</testsuite> <!-- testNG.TestNGAnnotations3 -->
