<?xml version="1.0" encoding="UTF-8"?>
<!-- Generated by org.testng.reporters.JUnitReportReporter -->
<testsuite skipped="0" hostname="DESKTOP-O2O867P" name="testNG.TestNGAnnotations" tests="8" failures="0" timestamp="2020-11-01T17:51:57 IST" time="13.018" errors="0">
  <testcase name="openURL" time="13.001" classname="testNG.TestNGAnnotations"/>
  <system-out>
On Test Start openURL User is on https://www.amazon.com/ Page Title is Amazon.com: Online Shopping for Electronics, Apparel, Computers, Books, DVDs & more On Test Success openURL  </system-out>
  <testcase name="login" time="0.003" classname="testNG.TestNGAnnotations"/>
  <system-out>
On Test Start login On Test Success login  </system-out>
  <testcase name="searchProduct" time="0.003" classname="testNG.TestNGAnnotations"/>
  <system-out>
On Test Start searchProduct On Test Success searchProduct  </system-out>
  <testcase name="plp" time="0.001" classname="testNG.TestNGAnnotations"/>
  <system-out>
On Test Start plp On Test Success plp  </system-out>
  <testcase name="pdp" time="0.001" classname="testNG.TestNGAnnotations"/>
  <system-out>
On Test Start pdp On Test Success pdp  </system-out>
  <testcase name="addToCart" time="0.002" classname="testNG.TestNGAnnotations"/>
  <system-out>
On Test Start addToCart On Test Success addToCart  </system-out>
  <testcase name="addAddress" time="0.004" classname="testNG.TestNGAnnotations"/>
  <system-out>
On Test Start addAddress On Test Success addAddress  </system-out>
  <testcase name="paymentGateway" time="0.003" classname="testNG.TestNGAnnotations"/>
  <system-out>
On Test Start paymentGateway On Test Success paymentGateway  </system-out>
</testsuite> <!-- testNG.TestNGAnnotations -->
