<?xml version="1.0" encoding="UTF-8"?>
<!-- Generated by org.testng.reporters.JUnitReportReporter -->
<testsuite skipped="0" hostname="DESKTOP-O2O867P" name="testNG.TestNG_Test_Param" tests="3" failures="0" timestamp="2020-10-18T18:32:10 IST" time="0.016" errors="0">
  <testcase name="pdp" time="0.002" classname="testNG.TestNG_Test_Param"/>
  <system-out/>
  <testcase name="plp" time="0.003" classname="testNG.TestNG_Test_Param"/>
  <system-out/>
  <testcase name="searchProduct" time="0.011" classname="testNG.TestNG_Test_Param"/>
  <system-out/>
</testsuite> <!-- testNG.TestNG_Test_Param -->
